<?xml version="1.0" encoding="UTF-8"?>
<!-- Generated by org.testng.reporters.JUnitReportReporter -->
<testsuite skipped="0" hostname="DESKTOP-OLMMIPV" name="com.QALegend.qa.Testcases.LoginPageTestcases" tests="1" failures="0" timestamp="2023-05-12T17:34:43 IST" time="19.715" errors="0">
  <testcase name="ForgotpwdTC5" time="19.715" classname="com.QALegend.qa.Testcases.LoginPageTestcases"/>
  <system-out/>
</testsuite> <!-- com.QALegend.qa.Testcases.LoginPageTestcases -->
